{"level":"error","message":"No puede acceder al /logout, no está registrado"}
{"level":"error","message":"Usuario no registrado"}
{"level":"error","message":"ingreso a la ruta /out denegado. No está registrado"}
{"level":"error","message":"La contraseña debe contener al menos una letra y un número."}
{"level":"error","message":"No puede acceder al /logout, no está registrado"}
{"level":"error","message":"Se necesita una contraseña son más de 5 caracteres"}
{"level":"error","message":"Se necesita una contraseña son más de 5 caracteres"}
{"level":"error","message":"Se necesita una contraseña son más de 5 caracteres"}
{"level":"error","message":"ingreso a la ruta /out denegado. No está registrado"}
{"level":"error","message":"ingreso a la ruta /out denegado. No está registrado"}
{"level":"error","message":"ingreso a la ruta /out denegado. No está registrado"}
{"level":"error","message":"ingreso a la ruta /out denegado. No está registrado"}
{"level":"error","message":"ingreso a la ruta /out denegado. No está registrado"}
{"level":"error","message":"ingreso a la ruta /out denegado. No está registrado"}
{"level":"error","message":"No puede acceder al /logout, no está registrado"}
{"level":"error","message":"No puede acceder al /logout, no está registrado"}
{"level":"error","message":"ingreso a la ruta /out denegado. No está registrado"}
{"level":"error","message":"ingreso a la ruta /out denegado. No está registrado"}
{"level":"error","message":"ingreso a la ruta /out denegado. No está registrado"}
{"level":"error","message":"No puede acceder al /logout, no está registrado"}
{"level":"error","message":"ingreso a la ruta /out denegado. No está registrado"}
{"level":"error","message":"No puede acceder al /logout, no está registrado"}
{"level":"error","message":"ingreso a la ruta /out denegado. No está registrado"}
{"level":"error","message":"ingreso a la ruta /out denegado. No está registrado"}
{"level":"error","message":"ingreso a la ruta /out denegado. No está registrado"}
{"level":"error","message":"ingreso a la ruta /out denegado. No está registrado"}
{"level":"error","message":"ingreso a la ruta /out denegado. No está registrado"}
{"level":"error","message":"ingreso a la ruta /out denegado. No está registrado"}
{"level":"error","message":"ingreso a la ruta /out denegado. No está registrado"}
{"level":"error","message":"ingreso a la ruta /out denegado. No está registrado"}
{"level":"error","message":"ingreso a la ruta /out denegado. No está registrado"}
{"level":"error","message":"No puede acceder al /deleteUser, no está registrado"}
{"level":"error","message":"ingreso a la ruta /out denegado. No está registrado"}
{"level":"error","message":"ingreso a la ruta /out denegado. No está registrado"}
{"level":"error","message":"ingreso a la ruta /out denegado. No está registrado"}
{"level":"error","message":"ingreso a la ruta /out denegado. No está registrado"}
{"level":"error","message":"ingreso a la ruta /out denegado. No está registrado"}
{"level":"error","message":"ingreso a la ruta /out denegado. No está registrado"}
{"level":"error","message":"ingreso a la ruta /out denegado. No está registrado"}
{"level":"error","message":"ingreso a la ruta /out denegado. No está registrado"}
{"level":"error","message":"ingreso a la ruta /out denegado. No está registrado"}
{"level":"error","message":"ingreso a la ruta /out denegado. No está registrado"}
{"level":"error","message":"Usuario no registrado"}
{"level":"error","message":"ingreso a la ruta /out denegado. No está registrado"}
{"level":"error","message":"ingreso a la ruta /out denegado. No está registrado"}
{"level":"error","message":"ingreso a la ruta /out denegado. No está registrado"}
{"level":"error","message":"Usuario no registrado"}
{"level":"error","message":"ingreso a la ruta /out denegado. No está registrado"}
{"level":"error","message":"ingreso a la ruta /out denegado. No está registrado"}
{"level":"error","message":"Usuario no registrado"}
{"level":"error","message":"ingreso a la ruta /out denegado. No está registrado"}
{"level":"error","message":"ingreso a la ruta /out denegado. No está registrado"}
{"level":"error","message":"ingreso a la ruta /out denegado. No está registrado"}
{"level":"error","message":"ingreso a la ruta /out denegado. No está registrado"}
{"level":"error","message":"ingreso a la ruta /out denegado. No está registrado"}
{"level":"error","message":"ingreso a la ruta /out denegado. No está registrado"}
{"level":"error","message":"Usuario no registrado"}
{"level":"error","message":"Usuario no registrado"}
{"level":"error","message":"Usuario no registrado"}
{"level":"error","message":"Usuario no registrado"}
{"level":"error","message":"Usuario no registrado"}
{"level":"error","message":"Usuario no registrado"}
{"level":"error","message":"Usuario no registrado"}
{"level":"error","message":"Usuario no registrado"}
{"level":"error","message":"ingreso a la ruta /out denegado. No está registrado"}
{"level":"error","message":"ingreso a la ruta /out denegado. No está registrado"}
{"level":"error","message":"ingreso a la ruta /out denegado. No está registrado"}
{"level":"error","message":"Usuario no registrado"}
{"level":"error","message":"Usuario no registrado"}
{"level":"error","message":"Usuario no registrado"}
{"level":"error","message":"Usuario no registrado"}
{"level":"error","message":"Usuario no registrado"}
{"level":"error","message":"ingreso a la ruta /out denegado. No está registrado"}
{"level":"error","message":"ingreso a la ruta /out denegado. No está registrado"}
{"level":"error","message":"ingreso a la ruta /out denegado. No está registrado"}
{"level":"error","message":"Usuario no registrado"}
{"level":"error","message":"Usuario no registrado"}
{"level":"error","message":"ingreso a la ruta /out denegado. No está registrado"}
{"level":"error","message":"ingreso a la ruta /out denegado. No está registrado"}
{"level":"error","message":"ingreso a la ruta /out denegado. No está registrado"}
{"level":"error","message":"ingreso a la ruta /out denegado. No está registrado"}
